[2019-06-12 06:46:03] local.ERROR: Please provide a valid cache path. {"exception":"[object] (InvalidArgumentException(code: 0): Please provide a valid cache path. at C:\\wamp64\\www\\Midas-Sandbox\\vendor\\laravel\\framework\\src\\Illuminate\\View\\Compilers\\Compiler.php:36)
[stacktrace]
#0 C:\\wamp64\\www\\Midas-Sandbox\\vendor\\laravel\\framework\\src\\Illuminate\\View\\ViewServiceProvider.php(141): Illuminate\\View\\Compilers\\Compiler->__construct(Object(Illuminate\\Filesystem\\Filesystem), false)
#1 C:\\wamp64\\www\\Midas-Sandbox\\vendor\\laravel\\framework\\src\\Illuminate\\Container\\Container.php(776): Illuminate\\View\\ViewServiceProvider->Illuminate\\View\\{closure}(Object(Illuminate\\Foundation\\Application), Array)
#2 C:\\wamp64\\www\\Midas-Sandbox\\vendor\\laravel\\framework\\src\\Illuminate\\Container\\Container.php(658): Illuminate\\Container\\Container->build(Object(Closure))
#3 C:\\wamp64\\www\\Midas-Sandbox\\vendor\\laravel\\framework\\src\\Illuminate\\Container\\Container.php(609): Illuminate\\Container\\Container->resolve('blade.compiler', Array)
#4 C:\\wamp64\\www\\Midas-Sandbox\\vendor\\laravel\\framework\\src\\Illuminate\\Foundation\\Application.php(733): Illuminate\\Container\\Container->make('blade.compiler', Array)
#5 C:\\wamp64\\www\\Midas-Sandbox\\vendor\\laravel\\framework\\src\\Illuminate\\Container\\Container.php(1222): Illuminate\\Foundation\\Application->make('blade.compiler')
#6 C:\\wamp64\\www\\Midas-Sandbox\\vendor\\laravel\\framework\\src\\Illuminate\\View\\ViewServiceProvider.php(146): Illuminate\\Container\\Container->offsetGet('blade.compiler')
#7 [internal function]: Illuminate\\View\\ViewServiceProvider->Illuminate\\View\\{closure}()
#8 C:\\wamp64\\www\\Midas-Sandbox\\vendor\\laravel\\framework\\src\\Illuminate\\View\\Engines\\EngineResolver.php(55): call_user_func(Object(Closure))
#9 C:\\wamp64\\www\\Midas-Sandbox\\vendor\\laravel\\framework\\src\\Illuminate\\Support\\Facades\\Blade.php(34): Illuminate\\View\\Engines\\EngineResolver->resolve('blade')
#10 C:\\wamp64\\www\\Midas-Sandbox\\vendor\\laravel\\framework\\src\\Illuminate\\Support\\Facades\\Facade.php(130): Illuminate\\Support\\Facades\\Blade::getFacadeAccessor()
#11 C:\\wamp64\\www\\Midas-Sandbox\\vendor\\laravel\\framework\\src\\Illuminate\\Support\\Facades\\Facade.php(217): Illuminate\\Support\\Facades\\Facade::getFacadeRoot()
#12 C:\\wamp64\\www\\Midas-Sandbox\\vendor\\yoeunes\\toastr\\src\\ToastrServiceProvider.php(56): Illuminate\\Support\\Facades\\Facade::__callStatic('directive', Array)
#13 C:\\wamp64\\www\\Midas-Sandbox\\vendor\\yoeunes\\toastr\\src\\ToastrServiceProvider.php(30): Yoeunes\\Toastr\\ToastrServiceProvider->registerBladeDirectives()
#14 [internal function]: Yoeunes\\Toastr\\ToastrServiceProvider->boot()
#15 C:\\wamp64\\www\\Midas-Sandbox\\vendor\\laravel\\framework\\src\\Illuminate\\Container\\BoundMethod.php(29): call_user_func_array(Array, Array)
#16 C:\\wamp64\\www\\Midas-Sandbox\\vendor\\laravel\\framework\\src\\Illuminate\\Container\\BoundMethod.php(87): Illuminate\\Container\\BoundMethod::Illuminate\\Container\\{closure}()
#17 C:\\wamp64\\www\\Midas-Sandbox\\vendor\\laravel\\framework\\src\\Illuminate\\Container\\BoundMethod.php(31): Illuminate\\Container\\BoundMethod::callBoundMethod(Object(Illuminate\\Foundation\\Application), Array, Object(Closure))
#18 C:\\wamp64\\www\\Midas-Sandbox\\vendor\\laravel\\framework\\src\\Illuminate\\Container\\Container.php(572): Illuminate\\Container\\BoundMethod::call(Object(Illuminate\\Foundation\\Application), Array, Array, NULL)
#19 C:\\wamp64\\www\\Midas-Sandbox\\vendor\\laravel\\framework\\src\\Illuminate\\Foundation\\Application.php(793): Illuminate\\Container\\Container->call(Array)
#20 C:\\wamp64\\www\\Midas-Sandbox\\vendor\\laravel\\framework\\src\\Illuminate\\Foundation\\Application.php(776): Illuminate\\Foundation\\Application->bootProvider(Object(Yoeunes\\Toastr\\ToastrServiceProvider))
#21 [internal function]: Illuminate\\Foundation\\Application->Illuminate\\Foundation\\{closure}(Object(Yoeunes\\Toastr\\ToastrServiceProvider), 19)
#22 C:\\wamp64\\www\\Midas-Sandbox\\vendor\\laravel\\framework\\src\\Illuminate\\Foundation\\Application.php(777): array_walk(Array, Object(Closure))
#23 C:\\wamp64\\www\\Midas-Sandbox\\vendor\\laravel\\framework\\src\\Illuminate\\Foundation\\Bootstrap\\BootProviders.php(17): Illuminate\\Foundation\\Application->boot()
#24 C:\\wamp64\\www\\Midas-Sandbox\\vendor\\laravel\\framework\\src\\Illuminate\\Foundation\\Application.php(206): Illuminate\\Foundation\\Bootstrap\\BootProviders->bootstrap(Object(Illuminate\\Foundation\\Application))
#25 C:\\wamp64\\www\\Midas-Sandbox\\vendor\\laravel\\framework\\src\\Illuminate\\Foundation\\Console\\Kernel.php(297): Illuminate\\Foundation\\Application->bootstrapWith(Array)
#26 C:\\wamp64\\www\\Midas-Sandbox\\vendor\\laravel\\framework\\src\\Illuminate\\Foundation\\Console\\Kernel.php(120): Illuminate\\Foundation\\Console\\Kernel->bootstrap()
#27 C:\\wamp64\\www\\Midas-Sandbox\\artisan(37): Illuminate\\Foundation\\Console\\Kernel->handle(Object(Symfony\\Component\\Console\\Input\\ArgvInput), Object(Symfony\\Component\\Console\\Output\\ConsoleOutput))
#28 {main}
"} 
[2019-06-12 07:19:07] local.ERROR: Please provide a valid cache path. {"exception":"[object] (InvalidArgumentException(code: 0): Please provide a valid cache path. at C:\\wamp64\\www\\Midas-Sandbox\\vendor\\laravel\\framework\\src\\Illuminate\\View\\Compilers\\Compiler.php:36)
[stacktrace]
#0 C:\\wamp64\\www\\Midas-Sandbox\\vendor\\laravel\\framework\\src\\Illuminate\\View\\ViewServiceProvider.php(141): Illuminate\\View\\Compilers\\Compiler->__construct(Object(Illuminate\\Filesystem\\Filesystem), false)
#1 C:\\wamp64\\www\\Midas-Sandbox\\vendor\\laravel\\framework\\src\\Illuminate\\Container\\Container.php(776): Illuminate\\View\\ViewServiceProvider->Illuminate\\View\\{closure}(Object(Illuminate\\Foundation\\Application), Array)
#2 C:\\wamp64\\www\\Midas-Sandbox\\vendor\\laravel\\framework\\src\\Illuminate\\Container\\Container.php(658): Illuminate\\Container\\Container->build(Object(Closure))
#3 C:\\wamp64\\www\\Midas-Sandbox\\vendor\\laravel\\framework\\src\\Illuminate\\Container\\Container.php(609): Illuminate\\Container\\Container->resolve('blade.compiler', Array)
#4 C:\\wamp64\\www\\Midas-Sandbox\\vendor\\laravel\\framework\\src\\Illuminate\\Foundation\\Application.php(733): Illuminate\\Container\\Container->make('blade.compiler', Array)
#5 C:\\wamp64\\www\\Midas-Sandbox\\vendor\\laravel\\framework\\src\\Illuminate\\Container\\Container.php(1222): Illuminate\\Foundation\\Application->make('blade.compiler')
#6 C:\\wamp64\\www\\Midas-Sandbox\\vendor\\laravel\\framework\\src\\Illuminate\\View\\ViewServiceProvider.php(146): Illuminate\\Container\\Container->offsetGet('blade.compiler')
#7 [internal function]: Illuminate\\View\\ViewServiceProvider->Illuminate\\View\\{closure}()
#8 C:\\wamp64\\www\\Midas-Sandbox\\vendor\\laravel\\framework\\src\\Illuminate\\View\\Engines\\EngineResolver.php(55): call_user_func(Object(Closure))
#9 C:\\wamp64\\www\\Midas-Sandbox\\vendor\\laravel\\framework\\src\\Illuminate\\Support\\Facades\\Blade.php(34): Illuminate\\View\\Engines\\EngineResolver->resolve('blade')
#10 C:\\wamp64\\www\\Midas-Sandbox\\vendor\\laravel\\framework\\src\\Illuminate\\Support\\Facades\\Facade.php(130): Illuminate\\Support\\Facades\\Blade::getFacadeAccessor()
#11 C:\\wamp64\\www\\Midas-Sandbox\\vendor\\laravel\\framework\\src\\Illuminate\\Support\\Facades\\Facade.php(217): Illuminate\\Support\\Facades\\Facade::getFacadeRoot()
#12 C:\\wamp64\\www\\Midas-Sandbox\\vendor\\yoeunes\\toastr\\src\\ToastrServiceProvider.php(56): Illuminate\\Support\\Facades\\Facade::__callStatic('directive', Array)
#13 C:\\wamp64\\www\\Midas-Sandbox\\vendor\\yoeunes\\toastr\\src\\ToastrServiceProvider.php(30): Yoeunes\\Toastr\\ToastrServiceProvider->registerBladeDirectives()
#14 [internal function]: Yoeunes\\Toastr\\ToastrServiceProvider->boot()
#15 C:\\wamp64\\www\\Midas-Sandbox\\vendor\\laravel\\framework\\src\\Illuminate\\Container\\BoundMethod.php(29): call_user_func_array(Array, Array)
#16 C:\\wamp64\\www\\Midas-Sandbox\\vendor\\laravel\\framework\\src\\Illuminate\\Container\\BoundMethod.php(87): Illuminate\\Container\\BoundMethod::Illuminate\\Container\\{closure}()
#17 C:\\wamp64\\www\\Midas-Sandbox\\vendor\\laravel\\framework\\src\\Illuminate\\Container\\BoundMethod.php(31): Illuminate\\Container\\BoundMethod::callBoundMethod(Object(Illuminate\\Foundation\\Application), Array, Object(Closure))
#18 C:\\wamp64\\www\\Midas-Sandbox\\vendor\\laravel\\framework\\src\\Illuminate\\Container\\Container.php(572): Illuminate\\Container\\BoundMethod::call(Object(Illuminate\\Foundation\\Application), Array, Array, NULL)
#19 C:\\wamp64\\www\\Midas-Sandbox\\vendor\\laravel\\framework\\src\\Illuminate\\Foundation\\Application.php(793): Illuminate\\Container\\Container->call(Array)
#20 C:\\wamp64\\www\\Midas-Sandbox\\vendor\\laravel\\framework\\src\\Illuminate\\Foundation\\Application.php(776): Illuminate\\Foundation\\Application->bootProvider(Object(Yoeunes\\Toastr\\ToastrServiceProvider))
#21 [internal function]: Illuminate\\Foundation\\Application->Illuminate\\Foundation\\{closure}(Object(Yoeunes\\Toastr\\ToastrServiceProvider), 19)
#22 C:\\wamp64\\www\\Midas-Sandbox\\vendor\\laravel\\framework\\src\\Illuminate\\Foundation\\Application.php(777): array_walk(Array, Object(Closure))
#23 C:\\wamp64\\www\\Midas-Sandbox\\vendor\\laravel\\framework\\src\\Illuminate\\Foundation\\Bootstrap\\BootProviders.php(17): Illuminate\\Foundation\\Application->boot()
#24 C:\\wamp64\\www\\Midas-Sandbox\\vendor\\laravel\\framework\\src\\Illuminate\\Foundation\\Application.php(206): Illuminate\\Foundation\\Bootstrap\\BootProviders->bootstrap(Object(Illuminate\\Foundation\\Application))
#25 C:\\wamp64\\www\\Midas-Sandbox\\vendor\\laravel\\framework\\src\\Illuminate\\Foundation\\Http\\Kernel.php(162): Illuminate\\Foundation\\Application->bootstrapWith(Array)
#26 C:\\wamp64\\www\\Midas-Sandbox\\vendor\\laravel\\framework\\src\\Illuminate\\Foundation\\Http\\Kernel.php(146): Illuminate\\Foundation\\Http\\Kernel->bootstrap()
#27 C:\\wamp64\\www\\Midas-Sandbox\\vendor\\laravel\\framework\\src\\Illuminate\\Foundation\\Http\\Kernel.php(116): Illuminate\\Foundation\\Http\\Kernel->sendRequestThroughRouter(Object(Illuminate\\Http\\Request))
#28 C:\\wamp64\\www\\Midas-Sandbox\\public\\index.php(55): Illuminate\\Foundation\\Http\\Kernel->handle(Object(Illuminate\\Http\\Request))
#29 C:\\wamp64\\www\\Midas-Sandbox\\server.php(21): require_once('C:\\\\wamp64\\\\www\\\\M...')
#30 {main}
"} 
[2019-06-12 07:19:26] local.ERROR: Maximum execution time of 60 seconds exceeded {"exception":"[object] (Symfony\\Component\\Debug\\Exception\\FatalErrorException(code: 1): Maximum execution time of 60 seconds exceeded at C:\\wamp64\\www\\Midas-Sandbox\\vendor\\filp\\whoops\\src\\Whoops\\Resources\\views\\header.html.php:1)
[stacktrace]
#0 {main}
"} 
[2019-06-12 07:22:18] local.ERROR: Please provide a valid cache path. {"exception":"[object] (InvalidArgumentException(code: 0): Please provide a valid cache path. at C:\\wamp64\\www\\Midas-Sandbox\\vendor\\laravel\\framework\\src\\Illuminate\\View\\Compilers\\Compiler.php:36)
[stacktrace]
#0 C:\\wamp64\\www\\Midas-Sandbox\\vendor\\laravel\\framework\\src\\Illuminate\\View\\ViewServiceProvider.php(141): Illuminate\\View\\Compilers\\Compiler->__construct(Object(Illuminate\\Filesystem\\Filesystem), false)
#1 C:\\wamp64\\www\\Midas-Sandbox\\vendor\\laravel\\framework\\src\\Illuminate\\Container\\Container.php(776): Illuminate\\View\\ViewServiceProvider->Illuminate\\View\\{closure}(Object(Illuminate\\Foundation\\Application), Array)
#2 C:\\wamp64\\www\\Midas-Sandbox\\vendor\\laravel\\framework\\src\\Illuminate\\Container\\Container.php(658): Illuminate\\Container\\Container->build(Object(Closure))
#3 C:\\wamp64\\www\\Midas-Sandbox\\vendor\\laravel\\framework\\src\\Illuminate\\Container\\Container.php(609): Illuminate\\Container\\Container->resolve('blade.compiler', Array)
#4 C:\\wamp64\\www\\Midas-Sandbox\\vendor\\laravel\\framework\\src\\Illuminate\\Foundation\\Application.php(733): Illuminate\\Container\\Container->make('blade.compiler', Array)
#5 C:\\wamp64\\www\\Midas-Sandbox\\vendor\\laravel\\framework\\src\\Illuminate\\Container\\Container.php(1222): Illuminate\\Foundation\\Application->make('blade.compiler')
#6 C:\\wamp64\\www\\Midas-Sandbox\\vendor\\laravel\\framework\\src\\Illuminate\\View\\ViewServiceProvider.php(146): Illuminate\\Container\\Container->offsetGet('blade.compiler')
#7 [internal function]: Illuminate\\View\\ViewServiceProvider->Illuminate\\View\\{closure}()
#8 C:\\wamp64\\www\\Midas-Sandbox\\vendor\\laravel\\framework\\src\\Illuminate\\View\\Engines\\EngineResolver.php(55): call_user_func(Object(Closure))
#9 C:\\wamp64\\www\\Midas-Sandbox\\vendor\\laravel\\framework\\src\\Illuminate\\Support\\Facades\\Blade.php(34): Illuminate\\View\\Engines\\EngineResolver->resolve('blade')
#10 C:\\wamp64\\www\\Midas-Sandbox\\vendor\\laravel\\framework\\src\\Illuminate\\Support\\Facades\\Facade.php(130): Illuminate\\Support\\Facades\\Blade::getFacadeAccessor()
#11 C:\\wamp64\\www\\Midas-Sandbox\\vendor\\laravel\\framework\\src\\Illuminate\\Support\\Facades\\Facade.php(217): Illuminate\\Support\\Facades\\Facade::getFacadeRoot()
#12 C:\\wamp64\\www\\Midas-Sandbox\\vendor\\yoeunes\\toastr\\src\\ToastrServiceProvider.php(56): Illuminate\\Support\\Facades\\Facade::__callStatic('directive', Array)
#13 C:\\wamp64\\www\\Midas-Sandbox\\vendor\\yoeunes\\toastr\\src\\ToastrServiceProvider.php(30): Yoeunes\\Toastr\\ToastrServiceProvider->registerBladeDirectives()
#14 [internal function]: Yoeunes\\Toastr\\ToastrServiceProvider->boot()
#15 C:\\wamp64\\www\\Midas-Sandbox\\vendor\\laravel\\framework\\src\\Illuminate\\Container\\BoundMethod.php(29): call_user_func_array(Array, Array)
#16 C:\\wamp64\\www\\Midas-Sandbox\\vendor\\laravel\\framework\\src\\Illuminate\\Container\\BoundMethod.php(87): Illuminate\\Container\\BoundMethod::Illuminate\\Container\\{closure}()
#17 C:\\wamp64\\www\\Midas-Sandbox\\vendor\\laravel\\framework\\src\\Illuminate\\Container\\BoundMethod.php(31): Illuminate\\Container\\BoundMethod::callBoundMethod(Object(Illuminate\\Foundation\\Application), Array, Object(Closure))
#18 C:\\wamp64\\www\\Midas-Sandbox\\vendor\\laravel\\framework\\src\\Illuminate\\Container\\Container.php(572): Illuminate\\Container\\BoundMethod::call(Object(Illuminate\\Foundation\\Application), Array, Array, NULL)
#19 C:\\wamp64\\www\\Midas-Sandbox\\vendor\\laravel\\framework\\src\\Illuminate\\Foundation\\Application.php(793): Illuminate\\Container\\Container->call(Array)
#20 C:\\wamp64\\www\\Midas-Sandbox\\vendor\\laravel\\framework\\src\\Illuminate\\Foundation\\Application.php(776): Illuminate\\Foundation\\Application->bootProvider(Object(Yoeunes\\Toastr\\ToastrServiceProvider))
#21 [internal function]: Illuminate\\Foundation\\Application->Illuminate\\Foundation\\{closure}(Object(Yoeunes\\Toastr\\ToastrServiceProvider), 19)
#22 C:\\wamp64\\www\\Midas-Sandbox\\vendor\\laravel\\framework\\src\\Illuminate\\Foundation\\Application.php(777): array_walk(Array, Object(Closure))
#23 C:\\wamp64\\www\\Midas-Sandbox\\vendor\\laravel\\framework\\src\\Illuminate\\Foundation\\Bootstrap\\BootProviders.php(17): Illuminate\\Foundation\\Application->boot()
#24 C:\\wamp64\\www\\Midas-Sandbox\\vendor\\laravel\\framework\\src\\Illuminate\\Foundation\\Application.php(206): Illuminate\\Foundation\\Bootstrap\\BootProviders->bootstrap(Object(Illuminate\\Foundation\\Application))
#25 C:\\wamp64\\www\\Midas-Sandbox\\vendor\\laravel\\framework\\src\\Illuminate\\Foundation\\Http\\Kernel.php(162): Illuminate\\Foundation\\Application->bootstrapWith(Array)
#26 C:\\wamp64\\www\\Midas-Sandbox\\vendor\\laravel\\framework\\src\\Illuminate\\Foundation\\Http\\Kernel.php(146): Illuminate\\Foundation\\Http\\Kernel->bootstrap()
#27 C:\\wamp64\\www\\Midas-Sandbox\\vendor\\laravel\\framework\\src\\Illuminate\\Foundation\\Http\\Kernel.php(116): Illuminate\\Foundation\\Http\\Kernel->sendRequestThroughRouter(Object(Illuminate\\Http\\Request))
#28 C:\\wamp64\\www\\Midas-Sandbox\\public\\index.php(55): Illuminate\\Foundation\\Http\\Kernel->handle(Object(Illuminate\\Http\\Request))
#29 C:\\wamp64\\www\\Midas-Sandbox\\server.php(21): require_once('C:\\\\wamp64\\\\www\\\\M...')
#30 {main}
"} 
[2019-06-12 07:45:20] local.ERROR: Please provide a valid cache path. {"exception":"[object] (InvalidArgumentException(code: 0): Please provide a valid cache path. at C:\\wamp64\\www\\Midas-Sandbox\\vendor\\laravel\\framework\\src\\Illuminate\\View\\Compilers\\Compiler.php:36)
[stacktrace]
#0 C:\\wamp64\\www\\Midas-Sandbox\\vendor\\laravel\\framework\\src\\Illuminate\\View\\ViewServiceProvider.php(141): Illuminate\\View\\Compilers\\Compiler->__construct(Object(Illuminate\\Filesystem\\Filesystem), false)
#1 C:\\wamp64\\www\\Midas-Sandbox\\vendor\\laravel\\framework\\src\\Illuminate\\Container\\Container.php(776): Illuminate\\View\\ViewServiceProvider->Illuminate\\View\\{closure}(Object(Illuminate\\Foundation\\Application), Array)
#2 C:\\wamp64\\www\\Midas-Sandbox\\vendor\\laravel\\framework\\src\\Illuminate\\Container\\Container.php(658): Illuminate\\Container\\Container->build(Object(Closure))
#3 C:\\wamp64\\www\\Midas-Sandbox\\vendor\\laravel\\framework\\src\\Illuminate\\Container\\Container.php(609): Illuminate\\Container\\Container->resolve('blade.compiler', Array)
#4 C:\\wamp64\\www\\Midas-Sandbox\\vendor\\laravel\\framework\\src\\Illuminate\\Foundation\\Application.php(733): Illuminate\\Container\\Container->make('blade.compiler', Array)
#5 C:\\wamp64\\www\\Midas-Sandbox\\vendor\\laravel\\framework\\src\\Illuminate\\Container\\Container.php(1222): Illuminate\\Foundation\\Application->make('blade.compiler')
#6 C:\\wamp64\\www\\Midas-Sandbox\\vendor\\laravel\\framework\\src\\Illuminate\\View\\ViewServiceProvider.php(146): Illuminate\\Container\\Container->offsetGet('blade.compiler')
#7 [internal function]: Illuminate\\View\\ViewServiceProvider->Illuminate\\View\\{closure}()
#8 C:\\wamp64\\www\\Midas-Sandbox\\vendor\\laravel\\framework\\src\\Illuminate\\View\\Engines\\EngineResolver.php(55): call_user_func(Object(Closure))
#9 C:\\wamp64\\www\\Midas-Sandbox\\vendor\\laravel\\framework\\src\\Illuminate\\Support\\Facades\\Blade.php(34): Illuminate\\View\\Engines\\EngineResolver->resolve('blade')
#10 C:\\wamp64\\www\\Midas-Sandbox\\vendor\\laravel\\framework\\src\\Illuminate\\Support\\Facades\\Facade.php(130): Illuminate\\Support\\Facades\\Blade::getFacadeAccessor()
#11 C:\\wamp64\\www\\Midas-Sandbox\\vendor\\laravel\\framework\\src\\Illuminate\\Support\\Facades\\Facade.php(217): Illuminate\\Support\\Facades\\Facade::getFacadeRoot()
#12 C:\\wamp64\\www\\Midas-Sandbox\\vendor\\yoeunes\\toastr\\src\\ToastrServiceProvider.php(56): Illuminate\\Support\\Facades\\Facade::__callStatic('directive', Array)
#13 C:\\wamp64\\www\\Midas-Sandbox\\vendor\\yoeunes\\toastr\\src\\ToastrServiceProvider.php(30): Yoeunes\\Toastr\\ToastrServiceProvider->registerBladeDirectives()
#14 [internal function]: Yoeunes\\Toastr\\ToastrServiceProvider->boot()
#15 C:\\wamp64\\www\\Midas-Sandbox\\vendor\\laravel\\framework\\src\\Illuminate\\Container\\BoundMethod.php(29): call_user_func_array(Array, Array)
#16 C:\\wamp64\\www\\Midas-Sandbox\\vendor\\laravel\\framework\\src\\Illuminate\\Container\\BoundMethod.php(87): Illuminate\\Container\\BoundMethod::Illuminate\\Container\\{closure}()
#17 C:\\wamp64\\www\\Midas-Sandbox\\vendor\\laravel\\framework\\src\\Illuminate\\Container\\BoundMethod.php(31): Illuminate\\Container\\BoundMethod::callBoundMethod(Object(Illuminate\\Foundation\\Application), Array, Object(Closure))
#18 C:\\wamp64\\www\\Midas-Sandbox\\vendor\\laravel\\framework\\src\\Illuminate\\Container\\Container.php(572): Illuminate\\Container\\BoundMethod::call(Object(Illuminate\\Foundation\\Application), Array, Array, NULL)
#19 C:\\wamp64\\www\\Midas-Sandbox\\vendor\\laravel\\framework\\src\\Illuminate\\Foundation\\Application.php(793): Illuminate\\Container\\Container->call(Array)
#20 C:\\wamp64\\www\\Midas-Sandbox\\vendor\\laravel\\framework\\src\\Illuminate\\Foundation\\Application.php(776): Illuminate\\Foundation\\Application->bootProvider(Object(Yoeunes\\Toastr\\ToastrServiceProvider))
#21 [internal function]: Illuminate\\Foundation\\Application->Illuminate\\Foundation\\{closure}(Object(Yoeunes\\Toastr\\ToastrServiceProvider), 19)
#22 C:\\wamp64\\www\\Midas-Sandbox\\vendor\\laravel\\framework\\src\\Illuminate\\Foundation\\Application.php(777): array_walk(Array, Object(Closure))
#23 C:\\wamp64\\www\\Midas-Sandbox\\vendor\\laravel\\framework\\src\\Illuminate\\Foundation\\Bootstrap\\BootProviders.php(17): Illuminate\\Foundation\\Application->boot()
#24 C:\\wamp64\\www\\Midas-Sandbox\\vendor\\laravel\\framework\\src\\Illuminate\\Foundation\\Application.php(206): Illuminate\\Foundation\\Bootstrap\\BootProviders->bootstrap(Object(Illuminate\\Foundation\\Application))
#25 C:\\wamp64\\www\\Midas-Sandbox\\vendor\\laravel\\framework\\src\\Illuminate\\Foundation\\Http\\Kernel.php(162): Illuminate\\Foundation\\Application->bootstrapWith(Array)
#26 C:\\wamp64\\www\\Midas-Sandbox\\vendor\\laravel\\framework\\src\\Illuminate\\Foundation\\Http\\Kernel.php(146): Illuminate\\Foundation\\Http\\Kernel->bootstrap()
#27 C:\\wamp64\\www\\Midas-Sandbox\\vendor\\laravel\\framework\\src\\Illuminate\\Foundation\\Http\\Kernel.php(116): Illuminate\\Foundation\\Http\\Kernel->sendRequestThroughRouter(Object(Illuminate\\Http\\Request))
#28 C:\\wamp64\\www\\Midas-Sandbox\\public\\index.php(55): Illuminate\\Foundation\\Http\\Kernel->handle(Object(Illuminate\\Http\\Request))
#29 C:\\wamp64\\www\\Midas-Sandbox\\server.php(21): require_once('C:\\\\wamp64\\\\www\\\\M...')
#30 {main}
"} 
[2019-06-12 07:45:26] local.ERROR: Maximum execution time of 60 seconds exceeded {"exception":"[object] (Symfony\\Component\\Debug\\Exception\\FatalErrorException(code: 1): Maximum execution time of 60 seconds exceeded at C:\\wamp64\\www\\Midas-Sandbox\\vendor\\filp\\whoops\\src\\Whoops\\Resources\\views\\header.html.php:1)
[stacktrace]
#0 {main}
"} 
[2019-06-12 07:45:43] local.ERROR: Please provide a valid cache path. {"exception":"[object] (InvalidArgumentException(code: 0): Please provide a valid cache path. at C:\\wamp64\\www\\Midas-Sandbox\\vendor\\laravel\\framework\\src\\Illuminate\\View\\Compilers\\Compiler.php:36)
[stacktrace]
#0 C:\\wamp64\\www\\Midas-Sandbox\\vendor\\laravel\\framework\\src\\Illuminate\\View\\ViewServiceProvider.php(141): Illuminate\\View\\Compilers\\Compiler->__construct(Object(Illuminate\\Filesystem\\Filesystem), false)
#1 C:\\wamp64\\www\\Midas-Sandbox\\vendor\\laravel\\framework\\src\\Illuminate\\Container\\Container.php(776): Illuminate\\View\\ViewServiceProvider->Illuminate\\View\\{closure}(Object(Illuminate\\Foundation\\Application), Array)
#2 C:\\wamp64\\www\\Midas-Sandbox\\vendor\\laravel\\framework\\src\\Illuminate\\Container\\Container.php(658): Illuminate\\Container\\Container->build(Object(Closure))
#3 C:\\wamp64\\www\\Midas-Sandbox\\vendor\\laravel\\framework\\src\\Illuminate\\Container\\Container.php(609): Illuminate\\Container\\Container->resolve('blade.compiler', Array)
#4 C:\\wamp64\\www\\Midas-Sandbox\\vendor\\laravel\\framework\\src\\Illuminate\\Foundation\\Application.php(733): Illuminate\\Container\\Container->make('blade.compiler', Array)
#5 C:\\wamp64\\www\\Midas-Sandbox\\vendor\\laravel\\framework\\src\\Illuminate\\Container\\Container.php(1222): Illuminate\\Foundation\\Application->make('blade.compiler')
#6 C:\\wamp64\\www\\Midas-Sandbox\\vendor\\laravel\\framework\\src\\Illuminate\\View\\ViewServiceProvider.php(146): Illuminate\\Container\\Container->offsetGet('blade.compiler')
#7 [internal function]: Illuminate\\View\\ViewServiceProvider->Illuminate\\View\\{closure}()
#8 C:\\wamp64\\www\\Midas-Sandbox\\vendor\\laravel\\framework\\src\\Illuminate\\View\\Engines\\EngineResolver.php(55): call_user_func(Object(Closure))
#9 C:\\wamp64\\www\\Midas-Sandbox\\vendor\\laravel\\framework\\src\\Illuminate\\Support\\Facades\\Blade.php(34): Illuminate\\View\\Engines\\EngineResolver->resolve('blade')
#10 C:\\wamp64\\www\\Midas-Sandbox\\vendor\\laravel\\framework\\src\\Illuminate\\Support\\Facades\\Facade.php(130): Illuminate\\Support\\Facades\\Blade::getFacadeAccessor()
#11 C:\\wamp64\\www\\Midas-Sandbox\\vendor\\laravel\\framework\\src\\Illuminate\\Support\\Facades\\Facade.php(217): Illuminate\\Support\\Facades\\Facade::getFacadeRoot()
#12 C:\\wamp64\\www\\Midas-Sandbox\\vendor\\yoeunes\\toastr\\src\\ToastrServiceProvider.php(56): Illuminate\\Support\\Facades\\Facade::__callStatic('directive', Array)
#13 C:\\wamp64\\www\\Midas-Sandbox\\vendor\\yoeunes\\toastr\\src\\ToastrServiceProvider.php(30): Yoeunes\\Toastr\\ToastrServiceProvider->registerBladeDirectives()
#14 [internal function]: Yoeunes\\Toastr\\ToastrServiceProvider->boot()
#15 C:\\wamp64\\www\\Midas-Sandbox\\vendor\\laravel\\framework\\src\\Illuminate\\Container\\BoundMethod.php(29): call_user_func_array(Array, Array)
#16 C:\\wamp64\\www\\Midas-Sandbox\\vendor\\laravel\\framework\\src\\Illuminate\\Container\\BoundMethod.php(87): Illuminate\\Container\\BoundMethod::Illuminate\\Container\\{closure}()
#17 C:\\wamp64\\www\\Midas-Sandbox\\vendor\\laravel\\framework\\src\\Illuminate\\Container\\BoundMethod.php(31): Illuminate\\Container\\BoundMethod::callBoundMethod(Object(Illuminate\\Foundation\\Application), Array, Object(Closure))
#18 C:\\wamp64\\www\\Midas-Sandbox\\vendor\\laravel\\framework\\src\\Illuminate\\Container\\Container.php(572): Illuminate\\Container\\BoundMethod::call(Object(Illuminate\\Foundation\\Application), Array, Array, NULL)
#19 C:\\wamp64\\www\\Midas-Sandbox\\vendor\\laravel\\framework\\src\\Illuminate\\Foundation\\Application.php(793): Illuminate\\Container\\Container->call(Array)
#20 C:\\wamp64\\www\\Midas-Sandbox\\vendor\\laravel\\framework\\src\\Illuminate\\Foundation\\Application.php(776): Illuminate\\Foundation\\Application->bootProvider(Object(Yoeunes\\Toastr\\ToastrServiceProvider))
#21 [internal function]: Illuminate\\Foundation\\Application->Illuminate\\Foundation\\{closure}(Object(Yoeunes\\Toastr\\ToastrServiceProvider), 19)
#22 C:\\wamp64\\www\\Midas-Sandbox\\vendor\\laravel\\framework\\src\\Illuminate\\Foundation\\Application.php(777): array_walk(Array, Object(Closure))
#23 C:\\wamp64\\www\\Midas-Sandbox\\vendor\\laravel\\framework\\src\\Illuminate\\Foundation\\Bootstrap\\BootProviders.php(17): Illuminate\\Foundation\\Application->boot()
#24 C:\\wamp64\\www\\Midas-Sandbox\\vendor\\laravel\\framework\\src\\Illuminate\\Foundation\\Application.php(206): Illuminate\\Foundation\\Bootstrap\\BootProviders->bootstrap(Object(Illuminate\\Foundation\\Application))
#25 C:\\wamp64\\www\\Midas-Sandbox\\vendor\\laravel\\framework\\src\\Illuminate\\Foundation\\Http\\Kernel.php(162): Illuminate\\Foundation\\Application->bootstrapWith(Array)
#26 C:\\wamp64\\www\\Midas-Sandbox\\vendor\\laravel\\framework\\src\\Illuminate\\Foundation\\Http\\Kernel.php(146): Illuminate\\Foundation\\Http\\Kernel->bootstrap()
#27 C:\\wamp64\\www\\Midas-Sandbox\\vendor\\laravel\\framework\\src\\Illuminate\\Foundation\\Http\\Kernel.php(116): Illuminate\\Foundation\\Http\\Kernel->sendRequestThroughRouter(Object(Illuminate\\Http\\Request))
#28 C:\\wamp64\\www\\Midas-Sandbox\\public\\index.php(55): Illuminate\\Foundation\\Http\\Kernel->handle(Object(Illuminate\\Http\\Request))
#29 C:\\wamp64\\www\\Midas-Sandbox\\server.php(21): require_once('C:\\\\wamp64\\\\www\\\\M...')
#30 {main}
"} 
[2019-06-12 07:47:25] local.ERROR: Please provide a valid cache path. {"exception":"[object] (InvalidArgumentException(code: 0): Please provide a valid cache path. at C:\\wamp64\\www\\Midas-Sandbox\\vendor\\laravel\\framework\\src\\Illuminate\\View\\Compilers\\Compiler.php:36)
[stacktrace]
#0 C:\\wamp64\\www\\Midas-Sandbox\\vendor\\laravel\\framework\\src\\Illuminate\\View\\ViewServiceProvider.php(141): Illuminate\\View\\Compilers\\Compiler->__construct(Object(Illuminate\\Filesystem\\Filesystem), false)
#1 C:\\wamp64\\www\\Midas-Sandbox\\vendor\\laravel\\framework\\src\\Illuminate\\Container\\Container.php(776): Illuminate\\View\\ViewServiceProvider->Illuminate\\View\\{closure}(Object(Illuminate\\Foundation\\Application), Array)
#2 C:\\wamp64\\www\\Midas-Sandbox\\vendor\\laravel\\framework\\src\\Illuminate\\Container\\Container.php(658): Illuminate\\Container\\Container->build(Object(Closure))
#3 C:\\wamp64\\www\\Midas-Sandbox\\vendor\\laravel\\framework\\src\\Illuminate\\Container\\Container.php(609): Illuminate\\Container\\Container->resolve('blade.compiler', Array)
#4 C:\\wamp64\\www\\Midas-Sandbox\\vendor\\laravel\\framework\\src\\Illuminate\\Foundation\\Application.php(733): Illuminate\\Container\\Container->make('blade.compiler', Array)
#5 C:\\wamp64\\www\\Midas-Sandbox\\vendor\\laravel\\framework\\src\\Illuminate\\Container\\Container.php(1222): Illuminate\\Foundation\\Application->make('blade.compiler')
#6 C:\\wamp64\\www\\Midas-Sandbox\\vendor\\laravel\\framework\\src\\Illuminate\\View\\ViewServiceProvider.php(146): Illuminate\\Container\\Container->offsetGet('blade.compiler')
#7 [internal function]: Illuminate\\View\\ViewServiceProvider->Illuminate\\View\\{closure}()
#8 C:\\wamp64\\www\\Midas-Sandbox\\vendor\\laravel\\framework\\src\\Illuminate\\View\\Engines\\EngineResolver.php(55): call_user_func(Object(Closure))
#9 C:\\wamp64\\www\\Midas-Sandbox\\vendor\\laravel\\framework\\src\\Illuminate\\Support\\Facades\\Blade.php(34): Illuminate\\View\\Engines\\EngineResolver->resolve('blade')
#10 C:\\wamp64\\www\\Midas-Sandbox\\vendor\\laravel\\framework\\src\\Illuminate\\Support\\Facades\\Facade.php(130): Illuminate\\Support\\Facades\\Blade::getFacadeAccessor()
#11 C:\\wamp64\\www\\Midas-Sandbox\\vendor\\laravel\\framework\\src\\Illuminate\\Support\\Facades\\Facade.php(217): Illuminate\\Support\\Facades\\Facade::getFacadeRoot()
#12 C:\\wamp64\\www\\Midas-Sandbox\\vendor\\yoeunes\\toastr\\src\\ToastrServiceProvider.php(56): Illuminate\\Support\\Facades\\Facade::__callStatic('directive', Array)
#13 C:\\wamp64\\www\\Midas-Sandbox\\vendor\\yoeunes\\toastr\\src\\ToastrServiceProvider.php(30): Yoeunes\\Toastr\\ToastrServiceProvider->registerBladeDirectives()
#14 [internal function]: Yoeunes\\Toastr\\ToastrServiceProvider->boot()
#15 C:\\wamp64\\www\\Midas-Sandbox\\vendor\\laravel\\framework\\src\\Illuminate\\Container\\BoundMethod.php(29): call_user_func_array(Array, Array)
#16 C:\\wamp64\\www\\Midas-Sandbox\\vendor\\laravel\\framework\\src\\Illuminate\\Container\\BoundMethod.php(87): Illuminate\\Container\\BoundMethod::Illuminate\\Container\\{closure}()
#17 C:\\wamp64\\www\\Midas-Sandbox\\vendor\\laravel\\framework\\src\\Illuminate\\Container\\BoundMethod.php(31): Illuminate\\Container\\BoundMethod::callBoundMethod(Object(Illuminate\\Foundation\\Application), Array, Object(Closure))
#18 C:\\wamp64\\www\\Midas-Sandbox\\vendor\\laravel\\framework\\src\\Illuminate\\Container\\Container.php(572): Illuminate\\Container\\BoundMethod::call(Object(Illuminate\\Foundation\\Application), Array, Array, NULL)
#19 C:\\wamp64\\www\\Midas-Sandbox\\vendor\\laravel\\framework\\src\\Illuminate\\Foundation\\Application.php(793): Illuminate\\Container\\Container->call(Array)
#20 C:\\wamp64\\www\\Midas-Sandbox\\vendor\\laravel\\framework\\src\\Illuminate\\Foundation\\Application.php(776): Illuminate\\Foundation\\Application->bootProvider(Object(Yoeunes\\Toastr\\ToastrServiceProvider))
#21 [internal function]: Illuminate\\Foundation\\Application->Illuminate\\Foundation\\{closure}(Object(Yoeunes\\Toastr\\ToastrServiceProvider), 19)
#22 C:\\wamp64\\www\\Midas-Sandbox\\vendor\\laravel\\framework\\src\\Illuminate\\Foundation\\Application.php(777): array_walk(Array, Object(Closure))
#23 C:\\wamp64\\www\\Midas-Sandbox\\vendor\\laravel\\framework\\src\\Illuminate\\Foundation\\Bootstrap\\BootProviders.php(17): Illuminate\\Foundation\\Application->boot()
#24 C:\\wamp64\\www\\Midas-Sandbox\\vendor\\laravel\\framework\\src\\Illuminate\\Foundation\\Application.php(206): Illuminate\\Foundation\\Bootstrap\\BootProviders->bootstrap(Object(Illuminate\\Foundation\\Application))
#25 C:\\wamp64\\www\\Midas-Sandbox\\vendor\\laravel\\framework\\src\\Illuminate\\Foundation\\Http\\Kernel.php(162): Illuminate\\Foundation\\Application->bootstrapWith(Array)
#26 C:\\wamp64\\www\\Midas-Sandbox\\vendor\\laravel\\framework\\src\\Illuminate\\Foundation\\Http\\Kernel.php(146): Illuminate\\Foundation\\Http\\Kernel->bootstrap()
#27 C:\\wamp64\\www\\Midas-Sandbox\\vendor\\laravel\\framework\\src\\Illuminate\\Foundation\\Http\\Kernel.php(116): Illuminate\\Foundation\\Http\\Kernel->sendRequestThroughRouter(Object(Illuminate\\Http\\Request))
#28 C:\\wamp64\\www\\Midas-Sandbox\\public\\index.php(55): Illuminate\\Foundation\\Http\\Kernel->handle(Object(Illuminate\\Http\\Request))
#29 C:\\wamp64\\www\\Midas-Sandbox\\server.php(21): require_once('C:\\\\wamp64\\\\www\\\\M...')
#30 {main}
"} 
[2019-06-12 08:12:29] local.ERROR: Maximum execution time of 60 seconds exceeded {"exception":"[object] (Symfony\\Component\\Debug\\Exception\\FatalErrorException(code: 1): Maximum execution time of 60 seconds exceeded at C:\\wamp64\\www\\Midas-Sandbox\\vendor\\laravel\\framework\\src\\Illuminate\\Translation\\TranslationServiceProvider.php:7)
[stacktrace]
#0 {main}
"} 
[2019-06-12 08:27:43] local.ERROR: Maximum execution time of 60 seconds exceeded {"exception":"[object] (Symfony\\Component\\Debug\\Exception\\FatalErrorException(code: 1): Maximum execution time of 60 seconds exceeded at C:\\wamp64\\www\\Midas-Sandbox\\app\\Providers\\AuthServiceProvider.php:8)
[stacktrace]
#0 {main}
"} 
[2019-06-12 08:40:03] local.ERROR: Maximum execution time of 60 seconds exceeded {"exception":"[object] (Symfony\\Component\\Debug\\Exception\\FatalErrorException(code: 1): Maximum execution time of 60 seconds exceeded at C:\\wamp64\\www\\Midas-Sandbox\\vendor\\laravel\\framework\\src\\Illuminate\\Cookie\\Middleware\\EncryptCookies.php:12)
[stacktrace]
#0 {main}
"} 
[2019-06-12 14:35:52] local.ERROR: Maximum execution time of 60 seconds exceeded {"exception":"[object] (Symfony\\Component\\Debug\\Exception\\FatalErrorException(code: 1): Maximum execution time of 60 seconds exceeded at C:\\wamp64\\www\\Midas-Sandbox\\vendor\\yoeunes\\toastr\\src\\ToastrServiceProvider.php:20)
[stacktrace]
#0 {main}
"} 
[2019-06-12 14:44:41] local.ERROR: Maximum execution time of 60 seconds exceeded {"exception":"[object] (Symfony\\Component\\Debug\\Exception\\FatalErrorException(code: 1): Maximum execution time of 60 seconds exceeded at C:\\wamp64\\www\\Midas-Sandbox\\vendor\\laravel\\framework\\src\\Illuminate\\Auth\\AuthServiceProvider.php:10)
[stacktrace]
#0 {main}
"} 
[2019-06-12 14:59:43] local.ERROR: Maximum execution time of 60 seconds exceeded {"userId":1302,"email":"ad@admin.com","exception":"[object] (Symfony\\Component\\Debug\\Exception\\FatalErrorException(code: 1): Maximum execution time of 60 seconds exceeded at C:\\wamp64\\www\\Midas-Sandbox\\vendor\\laravel\\framework\\src\\Illuminate\\Routing\\Middleware\\SubstituteBindings.php:8)
[stacktrace]
#0 {main}
"} 
